gtable.g loaded ...
successful creation of table  tab.data :  4 columns, 0 rows
[col1=[valueType=dcomplex, dataManagerType=StManAipsIO, dataManagerGroup=StManAipsIO, option=0, comment=a], col2=[valueType=string, dataManagerType=StManMirAIO, dataManagerGroup=StManMirAIO, option=0, comment=, ndim=-1], col3=[valueType=integer, dataManagerType=StManAipsIO, dataManagerGroup=StManAipsIO, option=4, comment=, ndim=2, shape=[2 3] ], col4=[valueType=boolean, dataManagerType=StManAipsIO, dataManagerGroup=StManAipsIO, option=0, comment=, ndim=2]]
successful creation of table  tab1.data :  2 columns, 0 rows
[type=, subType=, readme=]
1
[type=tab1type, subType=tab1Subtype, readme=]
1
[type=tab1type, subType=tab1Subtype, readme=]
1
[type=tab1type, subType=tab1Subtype, readme=readme line 2
]
create: tab2.data failed: arrayColumnDesc: ndim < 0
F
create: tab2.data failed: arrayColumnDesc: shape < 0
F
create: tab2.data failed: arrayColumnDesc: ndim and shape mismatch
F
create: Table tab.data already open; maybe close it first
F
open: Table tab.data already open; maybe close it first
F
open_update: Table tab.data already open; maybe close it first
F
[col1=[valueType=integer, dataManagerType=StManAipsIO, dataManagerGroup=StManAipsIO, option=0, comment=], col2=[valueType=string, dataManagerType=StManAipsIO, dataManagerGroup=StManAipsIO, option=0, comment=]]
col1 col2
[valueType=integer, dataManagerType=StManAipsIO, dataManagerGroup=StManAipsIO, option=0, comment=]
[valueType=string, dataManagerType=StManAipsIO, dataManagerGroup=StManAipsIO, option=0, comment=]
tab.data
tab1.data
tab.data tab1.data
[type=table, id=1, file=tab1.data]
tab1.data
get_id: Table tab2.data has no handle
F
1
[2 10] 
1
[0 10 20 30 40 50 60 70 80 90] 
70
1
[0 10 20 30 40 50 60 75 80 90] 
1
1
value0
[3+1i 4+0i] 
[key0=value0, key1=[3+1i 4+0i] ]
[=]
1
[key0=value0, key1=[3+1i 4+0i] ]
1
1
valueCol1
[3.5+2i 5+0i] 
[colkey0=valueCol1, colkey1=[3.5+2i 5+0i] ]
[=]
1
[colkey0=valueCol1, colkey1=[3.5+2i 5+0i] ]
------------- table iterator tests ----------------------
1
1
r0 r5 r9
r1 r4 r6 r7
r2 r3 r8
1
------------- table row tests ----------------------
[col1=0, col2=r0]
[col1=0, col2=r9]
put_row: TableRow::put; names not conforming
F
1
[col1=100, col2=r9]
1
[col1=100, col2=xxyy]
1
[col1=0, col2=r9]
1
------------- table selection tests ----------------------
[0 10 10 0 10 10 0] 
r9 r7 r6 r5 r4 r1 r0
[20 20 20] 
gtable: no such column
1
0
1
1
successful readonly open of table  tab3.data :  1 columns, 10 rows
[col1=[valueType=integer, dataManagerType=StManAipsIO, dataManagerGroup=StManAipsIO, option=0, comment=]]
[0 10 20 20 10 0 10 10 20 0] 
gtable: no such column
[col1=[valueType=integer, dataManagerType=StManAipsIO, dataManagerGroup=StManAipsIO, option=0, comment=]]
[20 20 20 10 10 10 10 0 0 0] 
---------- tableCommand guaranteed to fail -----------------
command: tableCommand error: no projection, selection or sorting done
F
---------- existence and writable tests -----------------
1
1
1
1
1
successful readonly open of table  tab1.data :  2 columns, 10 rows
1
1
[0 10 20 20 10 0 10 10 20 0] 
---------- deleteTable tests  -----------------
1
deleted table tab.data
T
deleted table tab1.data
T
deleted table tab3.data
T
